<?xml version="1.0" encoding="UTF-8"?>
<!-- Generated by org.testng.reporters.JUnitReportReporter -->
<testsuite hostname="DESKTOP-3DLKC1S" failures="0" tests="1" name="TestCase.FirstTestCase" time="10.758" errors="0" timestamp="2023-10-23T20:32:58 BDT" skipped="0">
  <testcase classname="TestCase.FirstTestCase" name="LogTest" time="10.758"/>
</testsuite> <!-- TestCase.FirstTestCase -->
