<?xml version="1.0" encoding="UTF-8"?>
<!-- Generated by org.testng.reporters.JUnitReportReporter -->
<testsuite hostname="DESKTOP-3DLKC1S" failures="0" tests="1" name="TestCase.FirstTestCase" time="20.050" errors="0" timestamp="2023-10-22T23:19:57 BDT" skipped="0">
  <testcase classname="TestCase.FirstTestCase" name="LogTest" time="20.050"/>
</testsuite> <!-- TestCase.FirstTestCase -->
